<?xml version="1.0" encoding="UTF-8"?>
<!-- Generated by org.testng.reporters.JUnitReportReporter -->
<testsuite hostname="DESKTOP-HBAUK9V" failures="0" tests="2" name="com.nxgen.test.HomePageTest" time="0.006" errors="0" timestamp="2021-12-06T18:19:04 IST" skipped="0">
  <testcase classname="com.nxgen.test.HomePageTest" name="HomePageTest" time="0.005"/>
  <system-out/>
  <testcase classname="com.nxgen.test.HomePageTest" name="HomePageVerificationTest" time="0.001"/>
  <system-out/>
</testsuite> <!-- com.nxgen.test.HomePageTest -->
