<?xml version="1.0" encoding="UTF-8"?>
<!-- Generated by org.testng.reporters.JUnitReportReporter -->
<testsuite hostname="DESKTOP-HBAUK9V" failures="0" tests="2" name="com.nxgen.test.LoginPageTest" time="0.004" errors="0" timestamp="2021-12-06T18:19:04 IST" skipped="0">
  <testcase classname="com.nxgen.test.LoginPageTest" name="loginPageTest" time="0.002"/>
  <system-out/>
  <testcase classname="com.nxgen.test.LoginPageTest" name="loginPageVerificationTest" time="0.002"/>
  <system-out/>
</testsuite> <!-- com.nxgen.test.LoginPageTest -->
