<?xml version="1.0" encoding="UTF-8"?>
<!-- Generated by org.testng.reporters.JUnitReportReporter -->
<testsuite hostname="LP002839" failures="0" tests="2" name="com.flipkart.test.AccountsPageTest" time="22.359" errors="0" timestamp="2022-03-23T11:04:02 IST" skipped="0">
  <testcase classname="com.flipkart.test.AccountsPageTest" name="verifyHomePageTitle" time="9.943"/>
  <system-out/>
  <testcase classname="com.flipkart.test.AccountsPageTest" name="verifyTabItemsInAccountsPage" time="12.416"/>
  <system-out/>
</testsuite> <!-- com.flipkart.test.AccountsPageTest -->
