<?xml version="1.0" encoding="UTF-8"?>
<!-- Generated by org.testng.reporters.JUnitReportReporter -->
<testsuite hostname="DESKTOP-63T8UJL" failures="0" tests="1" name="com.flipkart.test.WomenProductPageTest" time="29.558" errors="0" timestamp="2022-03-19T20:51:40 IST" skipped="0">
  <testcase classname="com.flipkart.test.WomenProductPageTest" name="verifyProductDetailsPage" time="29.558"/>
  <system-out/>
</testsuite> <!-- com.flipkart.test.WomenProductPageTest -->
