<?xml version="1.0" encoding="UTF-8"?>
<!-- Generated by org.testng.reporters.JUnitReportReporter -->
<testsuite hostname="LP002839" failures="0" tests="1" name="com.flipkart.test.ShoppingCartPageTest" time="34.582" errors="0" timestamp="2022-03-23T11:04:02 IST" skipped="0">
  <testcase classname="com.flipkart.test.ShoppingCartPageTest" name="verifyShoppingCartPage" time="34.582"/>
  <system-out/>
</testsuite> <!-- com.flipkart.test.ShoppingCartPageTest -->
