<?xml version="1.0" encoding="UTF-8"?>
<!-- Generated by org.testng.reporters.JUnitReportReporter -->
<testsuite hostname="DESKTOP-HBAUK9V" failures="0" tests="1" name="com.flipkart.test.TestBrokenLink" time="43.389" errors="0" timestamp="2021-12-21T13:29:05 IST" skipped="0">
  <testcase classname="com.flipkart.test.TestBrokenLink" name="testBrokenLinks" time="43.389"/>
  <system-out/>
</testsuite> <!-- com.flipkart.test.TestBrokenLink -->
