<?xml version="1.0" encoding="UTF-8"?>
<!-- Generated by org.testng.reporters.JUnitReportReporter -->
<testsuite hostname="LP002839" failures="0" tests="1" name="com.flipkart.test.OrderShippingPageTest" time="1.172" errors="0" timestamp="2022-03-28T13:29:51 IST" skipped="0">
  <testcase classname="com.flipkart.test.OrderShippingPageTest" name="VerifyOrderDetails" time="1.172"/>
  <system-out/>
</testsuite> <!-- com.flipkart.test.OrderShippingPageTest -->
