<?xml version="1.0" encoding="UTF-8"?>
<!-- Generated by org.testng.reporters.JUnitReportReporter -->
<testsuite hostname="LP002839" failures="0" tests="2" name="com.flipkart.test.AccountsPageTest" time="19.848" errors="0" timestamp="2022-03-28T13:29:51 IST" skipped="0">
  <testcase classname="com.flipkart.test.AccountsPageTest" name="verifyHomePageTitle" time="9.966"/>
  <system-out/>
  <testcase classname="com.flipkart.test.AccountsPageTest" name="verifyTabItemsInAccountsPage" time="9.882"/>
  <system-out/>
</testsuite> <!-- com.flipkart.test.AccountsPageTest -->
