<?xml version="1.0" encoding="UTF-8"?>
<!-- Generated by org.testng.reporters.JUnitReportReporter -->
<testsuite hostname="LP002839" failures="0" tests="1" name="com.flipkart.test.OrderConfirmationPageTest" time="67.174" errors="0" timestamp="2022-03-28T13:29:51 IST" skipped="0">
  <testcase classname="com.flipkart.test.OrderConfirmationPageTest" name="VerifyPaymentDetails" time="67.174"/>
  <system-out/>
</testsuite> <!-- com.flipkart.test.OrderConfirmationPageTest -->
