<?xml version="1.0" encoding="UTF-8"?>
<!-- Generated by org.testng.reporters.JUnitReportReporter -->
<testsuite skipped="0" hostname="DESKTOP-HBAUK9V" name="com.nxgen.test.HomePageTest" tests="2" failures="0" timestamp="2021-12-06T18:51:32 IST" time="0.002" errors="0">
  <testcase name="HomePageTest" time="0.001" classname="com.nxgen.test.HomePageTest"/>
  <system-out/>
  <testcase name="HomePageVerificationTest" time="0.001" classname="com.nxgen.test.HomePageTest"/>
  <system-out/>
</testsuite> <!-- com.nxgen.test.HomePageTest -->
