<?xml version="1.0" encoding="UTF-8"?>
<!-- Generated by org.testng.reporters.JUnitReportReporter -->
<testsuite hostname="DESKTOP-63T8UJL" failures="0" tests="1" name="com.flipkart.test.WomenProductPageTest" time="26.348" errors="0" timestamp="2022-03-19T19:47:31 IST" skipped="0">
  <testcase classname="com.flipkart.test.WomenProductPageTest" name="verifyProductDetailsPage" time="26.348"/>
  <system-out/>
</testsuite> <!-- com.flipkart.test.WomenProductPageTest -->
