<?xml version="1.0" encoding="UTF-8"?>
<!-- Generated by org.testng.reporters.JUnitReportReporter -->
<testsuite hostname="DESKTOP-63T8UJL" failures="0" tests="2" name="com.flipkart.test.AccountsPageTest" time="33.303" errors="0" timestamp="2022-03-19T19:47:31 IST" skipped="0">
  <testcase classname="com.flipkart.test.AccountsPageTest" name="verifyHomePageTitle" time="12.957"/>
  <system-out/>
  <testcase classname="com.flipkart.test.AccountsPageTest" name="verifyTabItemsInAccountsPage" time="20.346"/>
  <system-out/>
</testsuite> <!-- com.flipkart.test.AccountsPageTest -->
