<?xml version="1.0" encoding="UTF-8"?>
<!-- Generated by org.testng.reporters.JUnitReportReporter -->
<testsuite skipped="0" hostname="DESKTOP-HBAUK9V" name="com.nxgen.test.LoginPageTest" tests="2" failures="0" timestamp="2021-12-06T18:51:32 IST" time="0.002" errors="0">
  <testcase name="loginPageTest" time="0.002" classname="com.nxgen.test.LoginPageTest"/>
  <system-out/>
  <testcase name="loginPageVerificationTest" time="0.000" classname="com.nxgen.test.LoginPageTest"/>
  <system-out/>
</testsuite> <!-- com.nxgen.test.LoginPageTest -->
