<?xml version="1.0" encoding="UTF-8"?>
<!-- Generated by org.testng.reporters.JUnitReportReporter -->
<testsuite hostname="DESKTOP-63T8UJL" failures="0" tests="1" name="com.flipkart.test.OrderDetailsPageTest" time="37.649" errors="0" timestamp="2022-03-19T19:47:31 IST" skipped="0">
  <testcase classname="com.flipkart.test.OrderDetailsPageTest" name="VerifyOrderDetailsPage" time="37.649"/>
  <system-out/>
</testsuite> <!-- com.flipkart.test.OrderDetailsPageTest -->
